;  LST file generated by mikroListExporter - v.2.0 
; Date/Time: 8/9/2024 11:10:50 AM
;----------------------------------------------

;Address Opcode 	ASM
0x0000	0x2816      	GOTO       22
_____DoICP:
;__Lib_System.c,6 :: 		
;__Lib_System.c,9 :: 		
0x0003	0x1283      	BCF        STATUS, 5
0x0004	0x1303      	BCF        STATUS, 6
0x0005	0x0826      	MOVF       ___DoICPAddr+1, 0
0x0006	0x008A      	MOVWF      PCLATH
;__Lib_System.c,10 :: 		
0x0007	0x0825      	MOVF       ___DoICPAddr, 0
0x0008	0x0082      	MOVWF      PCL
;__Lib_System.c,12 :: 		
L_end_____DoICP:
0x0009	0x0008      	RETURN
; end of _____DoICP
___CC2DW:
;__Lib_System.c,134 :: 		
;__Lib_System.c,137 :: 		
_CC2D_Loop1:
;__Lib_System.c,139 :: 		
0x000A	0x2003      	CALL       _____DoICP
0x000B	0x118A      	BCF        PCLATH, 3
0x000C	0x120A      	BCF        PCLATH, 4
;__Lib_System.c,141 :: 		
0x000D	0x0080      	MOVWF      INDF
;__Lib_System.c,142 :: 		
0x000E	0x0A84      	INCF       FSR, 1
;__Lib_System.c,143 :: 		
0x000F	0x0AA5      	INCF       ___DoICPAddr, 1
;__Lib_System.c,145 :: 		
0x0010	0x1903      	BTFSC      STATUS, 2
;__Lib_System.c,146 :: 		
0x0011	0x0AA6      	INCF       ___DoICPAddr+1, 1
;__Lib_System.c,147 :: 		
0x0012	0x03F0      	DECF       R0, 1
;__Lib_System.c,149 :: 		
0x0013	0x1D03      	BTFSS      STATUS, 2
;__Lib_System.c,150 :: 		
0x0014	0x280A      	GOTO       _CC2D_Loop1
;__Lib_System.c,152 :: 		
L_end___CC2DW:
0x0015	0x0008      	RETURN
; end of ___CC2DW
_main:
0x0016	0x1283      	BCF        STATUS, 5
0x0017	0x1303      	BCF        STATUS, 6
0x0018	0x01A0      	CLRF       _wait
0x0019	0x01A1      	CLRF       _counter3
0x001A	0x01A2      	CLRF       _counter1
0x001B	0x01A3      	CLRF       _south_open
0x001C	0x01A4      	CLRF       _counter2
;TrafficLightController.c,6 :: 		void main() {
;TrafficLightController.c,7 :: 		adcon1=7;
0x001D	0x3007      	MOVLW      7
0x001E	0x1683      	BSF        STATUS, 5
0x001F	0x009F      	MOVWF      ADCON1
;TrafficLightController.c,8 :: 		trisa=0b00000011;
0x0020	0x3003      	MOVLW      3
0x0021	0x0085      	MOVWF      TRISA
;TrafficLightController.c,9 :: 		porta=0;
0x0022	0x1283      	BCF        STATUS, 5
0x0023	0x0185      	CLRF       PORTA
;TrafficLightController.c,10 :: 		trisb=0;
0x0024	0x1683      	BSF        STATUS, 5
0x0025	0x0186      	CLRF       TRISB
;TrafficLightController.c,11 :: 		portb=0;
0x0026	0x1283      	BCF        STATUS, 5
0x0027	0x0186      	CLRF       PORTB
;TrafficLightController.c,12 :: 		trisc=0;
0x0028	0x1683      	BSF        STATUS, 5
0x0029	0x0187      	CLRF       TRISC
;TrafficLightController.c,13 :: 		portc=0b00000011;
0x002A	0x3003      	MOVLW      3
0x002B	0x1283      	BCF        STATUS, 5
0x002C	0x0087      	MOVWF      PORTC
;TrafficLightController.c,16 :: 		while(1){
L_main0:
;TrafficLightController.c,18 :: 		counter2=2;counter1=3; //counter1 represents the ones value of count,counter2 represents the tens value of count
0x002D	0x3002      	MOVLW      2
0x002E	0x00A4      	MOVWF      _counter2
0x002F	0x3003      	MOVLW      3
0x0030	0x00A2      	MOVWF      _counter1
;TrafficLightController.c,19 :: 		portc=0b001100; //initial colors of traffic light
0x0031	0x300C      	MOVLW      12
0x0032	0x0087      	MOVWF      PORTC
;TrafficLightController.c,20 :: 		while(!porta.b0){ //auto mode on
L_main2:
0x0033	0x1805      	BTFSC      PORTA, 0
0x0034	0x28DA      	GOTO       L_main3
;TrafficLightController.c,21 :: 		portb=counter1--;
0x0035	0x0822      	MOVF       _counter1, 0
0x0036	0x0086      	MOVWF      PORTB
0x0037	0x03A2      	DECF       _counter1, 1
;TrafficLightController.c,22 :: 		portb.b4=counter2;
0x0038	0x1824      	BTFSC      _counter2, 0
0x0039	0x283C      	GOTO       L__main48
0x003A	0x1206      	BCF        PORTB, 4
0x003B	0x283D      	GOTO       L__main49
L__main48:
0x003C	0x1606      	BSF        PORTB, 4
L__main49:
;TrafficLightController.c,23 :: 		if(counter2==2){portb.b5=1;}
0x003D	0x0824      	MOVF       _counter2, 0
0x003E	0x3A02      	XORLW      2
0x003F	0x1D03      	BTFSS      STATUS, 2
0x0040	0x2843      	GOTO       L_main4
0x0041	0x1686      	BSF        PORTB, 5
0x0042	0x2844      	GOTO       L_main5
L_main4:
;TrafficLightController.c,24 :: 		else{portb.b5=0;}
0x0043	0x1286      	BCF        PORTB, 5
L_main5:
;TrafficLightController.c,26 :: 		if(counter2==0&&counter1<3){ //count reaches 03
0x0044	0x0824      	MOVF       _counter2, 0
0x0045	0x3A00      	XORLW      0
0x0046	0x1D03      	BTFSS      STATUS, 2
0x0047	0x2858      	GOTO       L_main8
0x0048	0x3003      	MOVLW      3
0x0049	0x0222      	SUBWF      _counter1, 0
0x004A	0x1803      	BTFSC      STATUS, 0
0x004B	0x2858      	GOTO       L_main8
L__main46:
;TrafficLightController.c,27 :: 		if(south_open==1){portc=0b00010001;}
0x004C	0x0823      	MOVF       _south_open, 0
0x004D	0x3A01      	XORLW      1
0x004E	0x1D03      	BTFSS      STATUS, 2
0x004F	0x2852      	GOTO       L_main9
0x0050	0x3011      	MOVLW      17
0x0051	0x0087      	MOVWF      PORTC
L_main9:
;TrafficLightController.c,28 :: 		if(south_open==0){portc=0b00001010;}
0x0052	0x0823      	MOVF       _south_open, 0
0x0053	0x3A00      	XORLW      0
0x0054	0x1D03      	BTFSS      STATUS, 2
0x0055	0x2858      	GOTO       L_main10
0x0056	0x300A      	MOVLW      10
0x0057	0x0087      	MOVWF      PORTC
L_main10:
;TrafficLightController.c,29 :: 		}
L_main8:
;TrafficLightController.c,30 :: 		if(counter1==0&&counter2==0){  //count reaches 00
0x0058	0x0822      	MOVF       _counter1, 0
0x0059	0x3A00      	XORLW      0
0x005A	0x1D03      	BTFSS      STATUS, 2
0x005B	0x2897      	GOTO       L_main13
0x005C	0x0824      	MOVF       _counter2, 0
0x005D	0x3A00      	XORLW      0
0x005E	0x1D03      	BTFSS      STATUS, 2
0x005F	0x2897      	GOTO       L_main13
L__main45:
;TrafficLightController.c,31 :: 		if(south_open==0){ //close south,open west
0x0060	0x0823      	MOVF       _south_open, 0
0x0061	0x3A00      	XORLW      0
0x0062	0x1D03      	BTFSS      STATUS, 2
0x0063	0x2879      	GOTO       L_main14
;TrafficLightController.c,32 :: 		counter2=1;counter1=5;
0x0064	0x3001      	MOVLW      1
0x0065	0x00A4      	MOVWF      _counter2
0x0066	0x3005      	MOVLW      5
0x0067	0x00A2      	MOVWF      _counter1
;TrafficLightController.c,33 :: 		delay_ms(1000);
0x0068	0x300B      	MOVLW      11
0x0069	0x00FB      	MOVWF      R11
0x006A	0x3026      	MOVLW      38
0x006B	0x00FC      	MOVWF      R12
0x006C	0x305D      	MOVLW      93
0x006D	0x00FD      	MOVWF      R13
L_main15:
0x006E	0x0BFD      	DECFSZ     R13, 1
0x006F	0x286E      	GOTO       L_main15
0x0070	0x0BFC      	DECFSZ     R12, 1
0x0071	0x286E      	GOTO       L_main15
0x0072	0x0BFB      	DECFSZ     R11, 1
0x0073	0x286E      	GOTO       L_main15
0x0074	0x0000      	NOP
0x0075	0x0000      	NOP
;TrafficLightController.c,34 :: 		portc=0b00100001;
0x0076	0x3021      	MOVLW      33
0x0077	0x0087      	MOVWF      PORTC
;TrafficLightController.c,35 :: 		}
0x0078	0x2891      	GOTO       L_main16
L_main14:
;TrafficLightController.c,36 :: 		else if(south_open==1){ //close west,open south
0x0079	0x0823      	MOVF       _south_open, 0
0x007A	0x3A01      	XORLW      1
0x007B	0x1D03      	BTFSS      STATUS, 2
0x007C	0x2891      	GOTO       L_main17
;TrafficLightController.c,37 :: 		counter2=2;counter1=3;
0x007D	0x3002      	MOVLW      2
0x007E	0x00A4      	MOVWF      _counter2
0x007F	0x3003      	MOVLW      3
0x0080	0x00A2      	MOVWF      _counter1
;TrafficLightController.c,38 :: 		delay_ms(1000);
0x0081	0x300B      	MOVLW      11
0x0082	0x00FB      	MOVWF      R11
0x0083	0x3026      	MOVLW      38
0x0084	0x00FC      	MOVWF      R12
0x0085	0x305D      	MOVLW      93
0x0086	0x00FD      	MOVWF      R13
L_main18:
0x0087	0x0BFD      	DECFSZ     R13, 1
0x0088	0x2887      	GOTO       L_main18
0x0089	0x0BFC      	DECFSZ     R12, 1
0x008A	0x2887      	GOTO       L_main18
0x008B	0x0BFB      	DECFSZ     R11, 1
0x008C	0x2887      	GOTO       L_main18
0x008D	0x0000      	NOP
0x008E	0x0000      	NOP
;TrafficLightController.c,39 :: 		portc=0b00001100;
0x008F	0x300C      	MOVLW      12
0x0090	0x0087      	MOVWF      PORTC
;TrafficLightController.c,40 :: 		}
L_main17:
L_main16:
;TrafficLightController.c,41 :: 		south_open=!south_open;
0x0091	0x0823      	MOVF       _south_open, 0
0x0092	0x3001      	MOVLW      1
0x0093	0x1D03      	BTFSS      STATUS, 2
0x0094	0x3000      	MOVLW      0
0x0095	0x00A3      	MOVWF      _south_open
;TrafficLightController.c,42 :: 		}
0x0096	0x28D9      	GOTO       L_main19
L_main13:
;TrafficLightController.c,43 :: 		else if(counter1==0) {
0x0097	0x0822      	MOVF       _counter1, 0
0x0098	0x3A00      	XORLW      0
0x0099	0x1D03      	BTFSS      STATUS, 2
0x009A	0x28CB      	GOTO       L_main20
;TrafficLightController.c,44 :: 		delay_ms(1000);
0x009B	0x300B      	MOVLW      11
0x009C	0x00FB      	MOVWF      R11
0x009D	0x3026      	MOVLW      38
0x009E	0x00FC      	MOVWF      R12
0x009F	0x305D      	MOVLW      93
0x00A0	0x00FD      	MOVWF      R13
L_main21:
0x00A1	0x0BFD      	DECFSZ     R13, 1
0x00A2	0x28A1      	GOTO       L_main21
0x00A3	0x0BFC      	DECFSZ     R12, 1
0x00A4	0x28A1      	GOTO       L_main21
0x00A5	0x0BFB      	DECFSZ     R11, 1
0x00A6	0x28A1      	GOTO       L_main21
0x00A7	0x0000      	NOP
0x00A8	0x0000      	NOP
;TrafficLightController.c,45 :: 		portb.b0=portb.b1=portb.b2=portb.b3=0;
0x00A9	0x1186      	BCF        PORTB, 3
0x00AA	0x1986      	BTFSC      PORTB, 3
0x00AB	0x28AE      	GOTO       L__main50
0x00AC	0x1106      	BCF        PORTB, 2
0x00AD	0x28AF      	GOTO       L__main51
L__main50:
0x00AE	0x1506      	BSF        PORTB, 2
L__main51:
0x00AF	0x1906      	BTFSC      PORTB, 2
0x00B0	0x28B3      	GOTO       L__main52
0x00B1	0x1086      	BCF        PORTB, 1
0x00B2	0x28B4      	GOTO       L__main53
L__main52:
0x00B3	0x1486      	BSF        PORTB, 1
L__main53:
0x00B4	0x1886      	BTFSC      PORTB, 1
0x00B5	0x28B8      	GOTO       L__main54
0x00B6	0x1006      	BCF        PORTB, 0
0x00B7	0x28B9      	GOTO       L__main55
L__main54:
0x00B8	0x1406      	BSF        PORTB, 0
L__main55:
;TrafficLightController.c,46 :: 		counter1=9;counter2--;
0x00B9	0x3009      	MOVLW      9
0x00BA	0x00A2      	MOVWF      _counter1
0x00BB	0x03A4      	DECF       _counter2, 1
;TrafficLightController.c,47 :: 		delay_ms(1000);
0x00BC	0x300B      	MOVLW      11
0x00BD	0x00FB      	MOVWF      R11
0x00BE	0x3026      	MOVLW      38
0x00BF	0x00FC      	MOVWF      R12
0x00C0	0x305D      	MOVLW      93
0x00C1	0x00FD      	MOVWF      R13
L_main22:
0x00C2	0x0BFD      	DECFSZ     R13, 1
0x00C3	0x28C2      	GOTO       L_main22
0x00C4	0x0BFC      	DECFSZ     R12, 1
0x00C5	0x28C2      	GOTO       L_main22
0x00C6	0x0BFB      	DECFSZ     R11, 1
0x00C7	0x28C2      	GOTO       L_main22
0x00C8	0x0000      	NOP
0x00C9	0x0000      	NOP
;TrafficLightController.c,48 :: 		}
0x00CA	0x28D9      	GOTO       L_main23
L_main20:
;TrafficLightController.c,49 :: 		else{delay_ms(1000);}
0x00CB	0x300B      	MOVLW      11
0x00CC	0x00FB      	MOVWF      R11
0x00CD	0x3026      	MOVLW      38
0x00CE	0x00FC      	MOVWF      R12
0x00CF	0x305D      	MOVLW      93
0x00D0	0x00FD      	MOVWF      R13
L_main24:
0x00D1	0x0BFD      	DECFSZ     R13, 1
0x00D2	0x28D1      	GOTO       L_main24
0x00D3	0x0BFC      	DECFSZ     R12, 1
0x00D4	0x28D1      	GOTO       L_main24
0x00D5	0x0BFB      	DECFSZ     R11, 1
0x00D6	0x28D1      	GOTO       L_main24
0x00D7	0x0000      	NOP
0x00D8	0x0000      	NOP
L_main23:
L_main19:
;TrafficLightController.c,50 :: 		}
0x00D9	0x2833      	GOTO       L_main2
L_main3:
;TrafficLightController.c,52 :: 		counter3=3;
0x00DA	0x3003      	MOVLW      3
0x00DB	0x00A1      	MOVWF      _counter3
;TrafficLightController.c,53 :: 		south_open=1;
0x00DC	0x3001      	MOVLW      1
0x00DD	0x00A3      	MOVWF      _south_open
;TrafficLightController.c,54 :: 		wait=1;  // case of waiting for 3 seconds 0 or 1
0x00DE	0x3001      	MOVLW      1
0x00DF	0x00A0      	MOVWF      _wait
;TrafficLightController.c,55 :: 		while(porta.b0){ // manual mode on
L_main25:
0x00E0	0x1C05      	BTFSS      PORTA, 0
0x00E1	0x293A      	GOTO       L_main26
;TrafficLightController.c,56 :: 		portb=0;
0x00E2	0x0186      	CLRF       PORTB
;TrafficLightController.c,57 :: 		if(porta.b1==1){south_open=!south_open;wait=1;}
0x00E3	0x1C85      	BTFSS      PORTA, 1
0x00E4	0x28EC      	GOTO       L_main27
0x00E5	0x0823      	MOVF       _south_open, 0
0x00E6	0x3001      	MOVLW      1
0x00E7	0x1D03      	BTFSS      STATUS, 2
0x00E8	0x3000      	MOVLW      0
0x00E9	0x00A3      	MOVWF      _south_open
0x00EA	0x3001      	MOVLW      1
0x00EB	0x00A0      	MOVWF      _wait
L_main27:
;TrafficLightController.c,58 :: 		if(south_open==1&&wait==1){
0x00EC	0x0823      	MOVF       _south_open, 0
0x00ED	0x3A01      	XORLW      1
0x00EE	0x1D03      	BTFSS      STATUS, 2
0x00EF	0x2914      	GOTO       L_main30
0x00F0	0x0820      	MOVF       _wait, 0
0x00F1	0x3A01      	XORLW      1
0x00F2	0x1D03      	BTFSS      STATUS, 2
0x00F3	0x2914      	GOTO       L_main30
L__main44:
;TrafficLightController.c,59 :: 		portc=0b00010100;
0x00F4	0x3014      	MOVLW      20
0x00F5	0x0087      	MOVWF      PORTC
;TrafficLightController.c,60 :: 		for(counter3=3;counter3>=1;counter3--){
0x00F6	0x3003      	MOVLW      3
0x00F7	0x00A1      	MOVWF      _counter3
L_main31:
0x00F8	0x3001      	MOVLW      1
0x00F9	0x0221      	SUBWF      _counter3, 0
0x00FA	0x1C03      	BTFSS      STATUS, 0
0x00FB	0x2911      	GOTO       L_main32
;TrafficLightController.c,61 :: 		if(!porta.b0){break;}//while counting if it's turned into auto mode, break
0x00FC	0x1805      	BTFSC      PORTA, 0
0x00FD	0x28FF      	GOTO       L_main34
0x00FE	0x2911      	GOTO       L_main32
L_main34:
;TrafficLightController.c,62 :: 		portb=counter3;
0x00FF	0x0821      	MOVF       _counter3, 0
0x0100	0x0086      	MOVWF      PORTB
;TrafficLightController.c,63 :: 		delay_ms(1000);
0x0101	0x300B      	MOVLW      11
0x0102	0x00FB      	MOVWF      R11
0x0103	0x3026      	MOVLW      38
0x0104	0x00FC      	MOVWF      R12
0x0105	0x305D      	MOVLW      93
0x0106	0x00FD      	MOVWF      R13
L_main35:
0x0107	0x0BFD      	DECFSZ     R13, 1
0x0108	0x2907      	GOTO       L_main35
0x0109	0x0BFC      	DECFSZ     R12, 1
0x010A	0x2907      	GOTO       L_main35
0x010B	0x0BFB      	DECFSZ     R11, 1
0x010C	0x2907      	GOTO       L_main35
0x010D	0x0000      	NOP
0x010E	0x0000      	NOP
;TrafficLightController.c,60 :: 		for(counter3=3;counter3>=1;counter3--){
0x010F	0x03A1      	DECF       _counter3, 1
;TrafficLightController.c,64 :: 		}
0x0110	0x28F8      	GOTO       L_main31
L_main32:
;TrafficLightController.c,65 :: 		portc=0b00100001;
0x0111	0x3021      	MOVLW      33
0x0112	0x0087      	MOVWF      PORTC
;TrafficLightController.c,66 :: 		wait=0;
0x0113	0x01A0      	CLRF       _wait
;TrafficLightController.c,67 :: 		}
L_main30:
;TrafficLightController.c,68 :: 		if(south_open==0&&wait==1){
0x0114	0x0823      	MOVF       _south_open, 0
0x0115	0x3A00      	XORLW      0
0x0116	0x1D03      	BTFSS      STATUS, 2
0x0117	0x2939      	GOTO       L_main38
0x0118	0x0820      	MOVF       _wait, 0
0x0119	0x3A01      	XORLW      1
0x011A	0x1D03      	BTFSS      STATUS, 2
0x011B	0x2939      	GOTO       L_main38
L__main43:
;TrafficLightController.c,69 :: 		portc=0b00100010;
0x011C	0x3022      	MOVLW      34
0x011D	0x0087      	MOVWF      PORTC
;TrafficLightController.c,70 :: 		for(counter3=3;counter3>=1;counter3--){portb=counter3;delay_ms(1000);}
0x011E	0x3003      	MOVLW      3
0x011F	0x00A1      	MOVWF      _counter3
L_main39:
0x0120	0x3001      	MOVLW      1
0x0121	0x0221      	SUBWF      _counter3, 0
0x0122	0x1C03      	BTFSS      STATUS, 0
0x0123	0x2936      	GOTO       L_main40
0x0124	0x0821      	MOVF       _counter3, 0
0x0125	0x0086      	MOVWF      PORTB
0x0126	0x300B      	MOVLW      11
0x0127	0x00FB      	MOVWF      R11
0x0128	0x3026      	MOVLW      38
0x0129	0x00FC      	MOVWF      R12
0x012A	0x305D      	MOVLW      93
0x012B	0x00FD      	MOVWF      R13
L_main42:
0x012C	0x0BFD      	DECFSZ     R13, 1
0x012D	0x292C      	GOTO       L_main42
0x012E	0x0BFC      	DECFSZ     R12, 1
0x012F	0x292C      	GOTO       L_main42
0x0130	0x0BFB      	DECFSZ     R11, 1
0x0131	0x292C      	GOTO       L_main42
0x0132	0x0000      	NOP
0x0133	0x0000      	NOP
0x0134	0x03A1      	DECF       _counter3, 1
0x0135	0x2920      	GOTO       L_main39
L_main40:
;TrafficLightController.c,71 :: 		portc=0b00001100;
0x0136	0x300C      	MOVLW      12
0x0137	0x0087      	MOVWF      PORTC
;TrafficLightController.c,72 :: 		wait=0;
0x0138	0x01A0      	CLRF       _wait
;TrafficLightController.c,73 :: 		}
L_main38:
;TrafficLightController.c,74 :: 		}
0x0139	0x28E0      	GOTO       L_main25
L_main26:
;TrafficLightController.c,76 :: 		}
0x013A	0x282D      	GOTO       L_main0
;TrafficLightController.c,77 :: 		}
L_end_main:
0x013B	0x293B      	GOTO       $+0
; end of _main
Symbol List:
//** Routines locations **
//ADDRESS    SIZE    PROCEDURE
//----------------------------------------------
0x0003       [7]    _____DoICP
0x000A      [12]    ___CC2DW
0x0016     [294]    _main
//** Variables locations ** 
//ADDRESS    SIZE    VARIABLE
//----------------------------------------------
0x0000       [1]    INDF
0x0002       [1]    PCL
0x0003       [1]    STATUS
0x0004       [1]    FSR
0x0005       [1]    PORTA
0x0006       [1]    PORTB
0x0007       [1]    PORTC
0x000A       [1]    PCLATH
0x0020       [1]    _wait
0x0021       [1]    _counter3
0x0022       [1]    _counter1
0x0023       [1]    _south_open
0x0024       [1]    _counter2
0x0025       [2]    ___DoICPAddr
0x0070       [1]    R0
0x0071       [1]    R1
0x0072       [1]    R2
0x0073       [1]    R3
0x0074       [1]    R4
0x0075       [1]    R5
0x0076       [1]    R6
0x0077       [1]    R7
0x0078       [1]    R8
0x0079       [1]    R9
0x007A       [1]    R10
0x007B       [1]    R11
0x007C       [1]    R12
0x007D       [1]    R13
0x007E       [1]    R14
0x007F       [1]    R15
0x0085       [1]    TRISA
0x0086       [1]    TRISB
0x0087       [1]    TRISC
0x009F       [1]    ADCON1
